<?xml version="1.0" encoding="UTF-8"?>

<!DOCTYPE mule-configuration PUBLIC "-//MuleSource //DTD mule-configuration XML V1.0//EN"
        "http://mule.mulesource.org/dtds/mule-configuration.dtd">


<mule-configuration id="Test_Mule_Properties" version="1.0">

    <environment-properties>
        <property name="component.name" value="test-from-env-props"/>
        <file-properties location="test-template.properties"/>
    </environment-properties>

    <mule-environment-properties synchronous="false" model="${model.name}" serverUrl=""/>

    <connector name="myTestConnector" className="org.mule.tck.testmodels.mule.TestConnector"/>

    <global-endpoints>
        <endpoint name="inbound" address="${test.inbound.edpoint}">
            <connection-strategy className="org.mule.providers.SimpleRetryConnectionStrategy">
                <properties>
                    <property name="retryCount" value="${retry.count}"/>
                </properties>
            </connection-strategy>
        </endpoint>
    </global-endpoints>

    <model name="${model.name}">
        <mule-descriptor name="${component.name}" implementation="org.mule.components.simple.EchoComponent">
            <inbound-router>
                <global-endpoint name="inbound"/>
            </inbound-router>
            <outbound-router>
                <router className="org.mule.routing.outbound.OutboundPassThroughRouter">
                    <endpoint address="${test.outbound.endpoint}"/>
                </router>
            </outbound-router>
        </mule-descriptor>

        <mule-descriptor name="test2" implementation="org.mule.components.simple.EchoComponent">
            <inbound-router>
                <endpoint address="test://blah" name="ep1">
                    <properties>
                        <property name="prop2" value="overrideValue2"/>
                        <file-properties location="test-dummy.properties" override="false"/>
                    </properties>
                </endpoint>
            </inbound-router>
        </mule-descriptor>

        <mule-descriptor name="test3" implementation="org.mule.components.simple.EchoComponent">
            <inbound-router>
                <endpoint address="test://${test.embedded}" name="ep2">
                    <properties>
                        <property name="prop2" value="overrideValue2"/>
                        <file-properties location="test-dummy.properties" override="true"/>
                    </properties>
                </endpoint>
            </inbound-router>
            <properties>
                <property name="blah" value="${this should not be found}"/>
                <property name="foobar" value="two tags ${foo} and ${bar}."/>
                <map name="testMap">
                    <property name="foo" value="${foo}"/>
                </map>
                <list name="testList">
                    <entry value="${bar}"/>
                </list>
            </properties>
        </mule-descriptor>
    </model>
</mule-configuration>
