<?xml version="1.0" encoding="utf-8"?>
<jbi version="1.0"
	 xmlns="http://java.sun.com/xml/ns/jbi"
	 xmlns:foo="http://www.foo.com/ns/bar">
	<component type="service-engine">
		<identification>
			<name>example-engine-1</name>
			<description>An example service engine</description>
		</identification>
		<foo:TypeInfo part-number="012AB490-578F-114FAA">
			BPEL:2.0:XQuery:1.0:XPath:2.0:XPath:1.0
		</foo:TypeInfo>
	</component> 
</jbi>