<?xml version="1.0" encoding="UTF-8"?>

<!DOCTYPE mule-configuration PUBLIC "-//SymphonySoft //DTD mule-configuration XML V1.0//EN"
                                "http://www.symphonysoft.com/dtds/mule/mule-configuration.dtd">

<mule-configuration id="client_test" version="1.0">

    <mule-environment-properties synchronous="true" serverUrl="tcp://localhost:60504" />

    <!-- this connector/provider simulates an existing endpoint on a remote server -->
    <connector name="vmRemoteQueueConnector" className="org.mule.providers.vm.VMConnector">
        <properties>
            <property name="queueEvents" value="true"/>
        </properties>
    </connector>


    <connector name="vmRemoteConnector" className="org.mule.providers.vm.VMConnector">

    </connector>

    <global-endpoints>
        <endpoint name="vmRemoteQueueEndpoint" connector="vmRemoteQueueConnector" address="vm://remote.queue"/>
    </global-endpoints>

    <model name="model">
        <mule-descriptor name="TestReceiverUMO"
            inboundEndpoint="vm://localhost/test.queue"
            outboundEndpoint="stream://localhost/system"
            implementation="org.mule.extras.client.TestReceiver">
        </mule-descriptor>

        <mule-descriptor name="remoteUMO"
            implementation="org.mule.components.simple.StaticComponent">
            <inbound-router>
                <endpoint address="vm://remote.endpoint" connector="vmRemoteConnector" remoteSync="true"/>
            </inbound-router>
            <properties>
                <property name="data" value="received from remote"/>
            </properties>
        </mule-descriptor>
    </model>
</mule-configuration>