<?xml version="1.0" encoding="UTF-8"?>

<!DOCTYPE mule-configuration PUBLIC "-//SymphonySoft //DTD mule-configuration XML V1.0//EN"
                                "http://www.cubis.co.uk/dtds/mule-configuration.dtd">

<mule-configuration id="client_test" version="1.0">

    <mule-environment-properties synchronous="true"/>

    <model name="model">
        <mule-descriptor name="TestReceiverUMO"
            inboundEndpoint="vm://localhost/test.queue"
            outboundEndpoint="stream://localhost/system"
            implementation="org.mule.extras.client.TestReceiver">
        </mule-descriptor>
    </model>
</mule-configuration>