<?xml version="1.0" encoding="ISO-8859-1"?>
<!DOCTYPE mule-configuration PUBLIC "-//SymphonySoft //DTD mule-configuration XML V1.0//EN"
                                "http://www.cubis.co.uk/dtds/mule-configuration.dtd">


<mule-configuration id="PropsTest" version="1.0">
    <transformers>
        <transformer name="org.mule.test.usecases.props.DummyTransformer" className="org.mule.test.usecases.props.DummyTransformer"
            returnClass="java.lang.String"/>
    </transformers>
    <connector name="SystemStreamConnector"
        className="org.mule.providers.stream.SystemStreamConnector">
        <properties>
            <property name="promptMessage" value="Data:"/>
            <property name="messageDelayTime" value="1000"/>
        </properties>
    </connector>
    <global-message-providers>
        <message-provider name="stream" endpoint=""
            connector="SystemStreamConnector"/>
    </global-message-providers>
    <model name="model">
        <mule-descriptor name="component0"
            receiveEndpoint="stream://localhost"
            inboundTransformer=""
            implementation="org.mule.test.usecases.props.DummyComponent"
            sendEndpoint="vm://component1"
            outboundTransformer="">
        </mule-descriptor>
        <mule-descriptor name="component1"
            receiveEndpoint="vm://component1"
            inboundTransformer=""
            implementation="org.mule.test.usecases.props.PropsComponent"
            sendEndpoint="vm://component2"
            outboundTransformer="org.mule.test.usecases.props.DummyTransformer">
        </mule-descriptor>
        <mule-descriptor name="component2"
            receiveEndpoint="vm://component2"
            inboundTransformer="org.mule.test.usecases.props.DummyTransformer"
            implementation="org.mule.test.usecases.props.PropsComponent"
            sendEndpoint="stream://system.out"
            outboundTransformer="org.mule.test.usecases.props.DummyTransformer">
        </mule-descriptor>
    </model>
</mule-configuration>
