<?xml version="1.0" encoding="UTF-8"?>
<beans xmlns="http://www.springframework.org/schema/beans"
       xmlns:xsi="http://www.w3.org/2001/XMLSchema-instance"
       xmlns:mule="http://www.mulesource.org/schema/mule/core/2.0"
       xmlns:mgmt="http://www.mulesource.org/schema/mule/management/2.0"
       xsi:schemaLocation="
       http://www.springframework.org/schema/beans http://www.springframework.org/schema/beans/spring-beans-2.0.xsd
       http://www.mulesource.org/schema/mule/core/2.0 META-INF/mule.xsd
       http://www.mulesource.org/schema/mule/management/2.0 META-INF/mule-management.xsd">


<!-- To do replicate the contents of test-mule-autowire-app-context.xml,test-application-context.xml -->

    <mule:custom-transformer id="new" class="org.mule.X" returnClass="org.goo.Foo">
        <mule:source-type class="java.lang.String"/>
        <mule:source-type class="java.lang.StringBuffer"/>
        <mule:property name="foo"><value>do</value></mule:property>
    </mule:custom-transformer>


    <mule:custom-connector id="foo" class="org.mule.tck.testmodels.mule.TestConnector" >

        <mule:exception-strategy >
            <mule:endpoint address="vm://exception.queue"/>
        </mule:exception-strategy>

        <mule:dispatcher-threading-profile maxThreadsActive="15"/>
    </mule:custom-connector>

    <mgmt:jmx-server id="jmx">
    </mgmt:jmx-server>



    <mule:endpoint id="myService.inbound" address="tcp://localhost:12345"/>


    <mule:model-seda id="foo2">
        <mule:service id="ddd" implementation="">
            <mule:inbound-router>

            </mule:inbound-router>
            <mule:property name="foo"><null/></mule:property>

        </mule:service>

    </mule:model-seda>
</beans>