<?xml version="1.0" encoding="UTF-8"?>

<!DOCTYPE mule-configuration PUBLIC "-//MuleSource //DTD mule-configuration XML V1.0//EN"
                                "http://mule.mulesource.org/dtds/mule-configuration.dtd">
<?xml-stylesheet type="text/xsl" href="mule-to-spring.xsl"?>

<mule-configuration id="Mule-to-Spring" version="1.0">
    <model name="Sample">
         <mule-descriptor name="TestComponent"
          implementation="org.mule.tck.functional.FunctionalTestComponent">
              <inbound-router>
                   <endpoint address="vm://in"/>
              </inbound-router>
          </mule-descriptor>
    </model>
</mule-configuration>