<!DOCTYPE beans PUBLIC "-//SPRING//DTD BEAN//EN" "http://www.springframework.org/dtd/spring-beans.dtd">

<beans>
    <bean id="fruitBowl" class="org.mule.tck.testmodels.fruit.FruitBowl">
        <property name="fruit">
            <list>
                <ref local="apple"/>
                <ref local="banana"/>
            </list>
        </property>
    </bean>

    <bean id="string" class="java.lang.String" />

    <bean id="apple" class="org.mule.tck.testmodels.fruit.Apple" />

    <bean id="banana" class="org.mule.tck.testmodels.fruit.Banana" />

    <bean id="orange" class="org.mule.tck.testmodels.fruit.Orange" />
</beans>