<?xml version="1.0" encoding="ISO-8859-1"?>

<!DOCTYPE mule-configuration PUBLIC "-//SymphonySoft //DTD mule-configuration XML V1.0//EN"
                                "http://www.symphonysoft.com/dtds/mule/mule-configuration.dtd">

<mule-configuration id="test_server" version="1.0">
    <model name="model">
        <mule-descriptor name="ServerComponent"
            receiveEndpoint="tcp://localhost:12345"
            sendEndpoint="file:///temp/myfiles/completed?outputPattern=test.pdf"
            implementation="org.mule.components.simple.EchoComponent">
        </mule-descriptor>
    </model>
</mule-configuration>
