<?xml version="1.0" encoding="UTF-8"?>

<!DOCTYPE mule-configuration PUBLIC "-//MuleSource //DTD mule-configuration XML V1.0//EN"
                                "http://mule.mulesource.org/dtds/mule-configuration.dtd">

<mule-configuration version="1.0">

    <mule-environment-properties serverUrl=""/>
    
    <container-context className="org.mule.extras.spring.SpringContainerContext">
        <properties>
            <property name="configFile" value="refs-application-context.xml"/>
        </properties>
    </container-context>

    <connector name="testConnector" ref="springTestConnector"/>

    <transformers>
        <transformer name="testTransformer" ref="springTestTransformer"/>
    </transformers>

    <global-endpoints>
        <endpoint name="foo" address="test://foo" connector="testConnector" transformers="testTransformer">
            <!--<connection-strategy className="org.mule.providers.SimpleRetryConnectionStrategy">-->
                <!--<properties>-->
                    <!--<property name="retryCount" value="4"/>-->
                    <!--<property name="retryFrequency" value="3000"/>-->
                <!--</properties>-->
            <!--</connection-strategy>-->
        </endpoint>
    </global-endpoints>

</mule-configuration>
