<?xml version="1.0" encoding="UTF-8"?>

<!DOCTYPE mule-configuration PUBLIC "-//MuleSource //DTD mule-configuration XML V1.0//EN"
                                "http://mule.mulesource.org/dtds/mule-spring-configuration.dtd">


<mule-configuration id="Test_Mule_Properties" version="1.0">

    <model name="main" type="inherited">
        <mule-descriptor name="appleComponent2"
            implementation="org.mule.tck.testmodels.fruit.Apple">


            <inbound-router>
                <endpoint name="nonTransactedInboundEndpoint" address="test://endpoint.in3"/>
                <endpoint name="transactedInboundEndpoint" type="receiver" createConnector="NEVER_CREATE" address="test://endpoint.in2">
                    <transaction factory="org.mule.tck.testmodels.mule.TestTransactionFactory" action="ALWAYS_BEGIN"/>
                    <properties>
                        <property name="testEndpointProperty" value="Prop1"/>
                    </properties>
                </endpoint>
            </inbound-router>

            <outbound-router>
                <router className="org.mule.routing.outbound.FilteringOutboundRouter">
                    <endpoint name="transactedOutboundEndpoint" type="sender" address="test://endpoint.out"/>
                </router>
            </outbound-router>

            <threading-profile maxBufferSize="6" maxThreadsActive="12" maxThreadsIdle="6"/>
            <!--<pooling-profile maxIdle="6" maxActive="9" exhaustedAction="GROW" maxWait="4002" initialisationPolicy="INITIALISE_ALL"/>-->
            <!--<queue-profile maxOutstandingMessages="102"/>-->
        </mule-descriptor>
    </model>
</mule-configuration>
