<?xml version="1.0" encoding="UTF-8"?>

<!DOCTYPE mule-configuration PUBLIC "-//MuleSource //DTD mule-configuration XML V1.0//EN"
                                "http://mule.mulesource.org/dtds/mule-spring-configuration.dtd">


<mule-configuration id="Test_Mule_Properties" version="1.0">

    <model name="main" type="inherited">
        <mule-descriptor name="appleComponent2"
            implementation="org.mule.tck.testmodels.fruit.Apple">


            <inbound-router>
                <endpoint name="nonTransactedInboundEndpoint" address="test://endpoint.in3"/>
                <endpoint name="transactedInboundEndpoint" type="receiver" createConnector="NEVER_CREATE" address="test://endpoint.in2">
                    <transaction factory="org.mule.tck.testmodels.mule.TestTransactionFactory" action="ALWAYS_BEGIN"/>
                    <properties>
                        <property name="testEndpointProperty" value="Prop1"/>
                    </properties>
                </endpoint>
            </inbound-router>

            <outbound-router>
                <router className="org.mule.routing.outbound.FilteringOutboundRouter">
                    <endpoint name="transactedOutboundEndpoint" type="sender" address="test://endpoint.out"/>
                </router>
            </outbound-router>

            <interceptor className="org.mule.interceptors.LoggingInterceptor"/>
            <!--
                MULE-2472: note that ALL values must be specified since inheritance of global values
                does not work with the SpringConfigurationBuilder
            -->
            <threading-profile
                maxBufferSize="6"
                maxThreadsActive="12"
                maxThreadsIdle="6"
                poolExhaustedAction="WHEN_EXHAUSTED_DISCARD"
                threadTTL="60001"/>
            <pooling-profile
                maxActive="9"
                maxIdle="6"
                maxWait="4002"
                exhaustedAction="WHEN_EXHAUSTED_FAIL"
                initialisationPolicy="INITIALISE_ALL"/>
            <queue-profile maxOutstandingMessages="102"/>
        </mule-descriptor>
    </model>
</mule-configuration>
