<?xml version="1.0" encoding="UTF-8"?>
<!DOCTYPE beans PUBLIC "-//SPRING//DTD BEAN//EN" "http://www.springframework.org/dtd/spring-beans.dtd">
<beans xmlns="http://www.springframework.org/schema/beans"
       xmlns:xsi="http://www.w3.org/2001/XMLSchema-instance"
       xmlns:mule="http://www.mulesource.org/schema/mule/core/2.0"
       xmlns:http="http://www.mulesource.org/schema/mule/http/2.0"
       xmlns:acegi="http://www.mulesource.org/schema/mule/acegi/2.0"
    xsi:schemaLocation="
       http://www.springframework.org/schema/beans http://www.springframework.org/schema/beans/spring-beans-2.0.xsd
       http://www.mulesource.org/schema/mule/core/2.0 http://www.mulesource.org/schema/mule/core/2.0/mule.xsd
       http://www.mulesource.org/schema/mule/http/2.0 http://www.mulesource.org/schema/mule/http/2.0/mule-http.xsd
       http://www.mulesource.org/schema/mule/acegi/2.0 http://www.mulesource.org/schema/mule/acegi/2.0/mule-acegi.xsd">

    <bean id="inMemoryDaoImpl" class="org.acegisecurity.userdetails.memory.InMemoryDaoImpl">
        <property name="userMap">
            <value>
                ross=ross,ROLE_ADMIN
                anon=anon,ROLE_ANONYMOUS
            </value>
        </property>
    </bean>

    <bean id="daoAuthenticationProvider" class="org.acegisecurity.providers.dao.DaoAuthenticationProvider">
        <property name="userDetailsService" ref="inMemoryDaoImpl"/>
    </bean>

    <bean name="echoComponent" class="org.mule.components.simple.EchoComponent"/>

    <mule:foo-security-manager>
        <mule:foo-security-provider name="memory-dao"
                                xsi:type="acegi:fooSecurityProviderType"
                                delegate-ref="daoAuthenticationProvider">
            <acegi:foo/>
        </mule:foo-security-provider>
    </mule:foo-security-manager>

    <mule:burp>
        <mule:security-manager xsi:type="acegi:securityManagerType">
            <acegi:bar/>
            <acegi:delegate-security-provider name="memory-dao"
                                              delegate-ref="daoAuthenticationProvider"/>
        </mule:security-manager>
    </mule:burp>

    <!-- mule:security-manager xsi:type="mule:defaultSecurityManagerType">
        <mule:custom-security-provider/>
    </mule:security-manager -->

    <mule:model-seda name="test">
        <mule:service name="echo" service-ref="echoComponent">
            <mule:inbound-router>
                <mule:endpoint address="http://localhost:4567"/>
                <!-- acegi:http-security-filter realm="mule-realm"/ -->
            </mule:inbound-router>
        </mule:service>
    </mule:model-seda>

</beans>
