<?xml version="1.0" encoding="UTF-8"?>
<beans xmlns="http://www.springframework.org/schema/beans"
       xmlns:xsi="http://www.w3.org/2001/XMLSchema-instance"
       xmlns:mule="http://www.mulesource.org/schema/mule/core/2.0"
       xmlns:file="http://www.mulesource.org/schema/mule/file/2.0"
       xmlns:pgp="http://www.mulesource.org/schema/mule/pgp/2.0"
    xsi:schemaLocation="
       http://www.springframework.org/schema/beans http://www.springframework.org/schema/beans/spring-beans-2.0.xsd
       http://www.mulesource.org/schema/mule/core/2.0 http://www.mulesource.org/schema/mule/core/2.0/mule.xsd
       http://www.mulesource.org/schema/mule/file/2.0 http://www.mulesource.org/schema/mule/file/2.0/mule-file.xsd 
       http://www.mulesource.org/schema/mule/pgp/2.0 http://www.mulesource.org/schema/mule/pgp/2.0/mule-pgp.xsd">
	
	<bean id="pgpKeyManager" class="org.mule.extras.pgp.PGPKeyRingImpl" init-method="initialise">
        <property name="publicKeyRingFileName" value="serverPublic.gpg"/>
        <property name="secretKeyRingFileName" value="serverPrivate.gpg"/>
        <property name="secretAliasId" value="0x6168F39C"/>
        <property name="secretPassphrase" value="TestingPassphrase"/>
    </bean>
    <bean id="fakeCredentialAccessor" class="org.mule.extras.pgp.FakeCredentialAccessor" />
	
    <file:connector name="sendConnector" outputPattern="[TARGET_FILE]"/>
    
	<pgp:security-manager>
        <pgp:security-provider name="pgpSecurityProvider" keyManager-ref="pgpKeyManager"/>
        <pgp:keybased-encryption-strategy name="keyBasedEncryptionStrategy" keyManager-ref="pgpKeyManager"/>
    </pgp:security-manager>

     <mule:model-seda name="test">
        <mule:service name="echo">
            <mule:component class="org.mule.extras.pgp.EchoMsg"/>
				<mule:inbound-router>
					<mule:endpoint address="vm://echo">
                        <pgp:security-filters>
							<pgp:security-filter strategyName="keyBasedEncryptionStrategy" signRequired="true" credentialsAccessor-ref="fakeCredentialAccessor" keyManager-ref="pgpKeyManager"/>
						</pgp:security-filters>
					</mule:endpoint>
				</mule:inbound-router>
				<mule:outbound-router>
					<mule:outbound-pass-through-router>
						<mule:endpoint address="file://output">
							<pgp:security-filters>
								<pgp:security-filter strategyName="keyBasedEncryptionStrategy" signRequired="true" credentialsAccessor-ref="fakeCredentialAccessor" keyManager-ref="pgpKeyManager"/>
							</pgp:security-filters>
						</mule:endpoint>
					</mule:outbound-pass-through-router>
				</mule:outbound-router>
			</mule:service>
	</mule:model-seda>
    
</beans>
