<?xml version="1.0" encoding="UTF-8"?>

<!DOCTYPE mule-configuration PUBLIC "-//Cubis //DTD mule-configuration XML V1.0//EN"
                                "http://www.cubis.co.uk/dtds/mule-configuration.dtd">


<mule-configuration id="Test_Mule_Properties" version="1.0">

    <environment-properties>
        <property name="component.name" value="test-from-env-props"/>
        <file-properties location="test-template.properties"/>
    </environment-properties>

    <mule-environment-properties synchronous="false" model="${model.name}" serverUrl="" />

    <connector name="${connector.name}" className="org.mule.tck.testmodels.mule.TestConnector">
    </connector>

    <model name="${model.name}">
        <mule-descriptor name="${component.name}" implementation="org.mule.components.simple.EchoComponent"
        inboundEndpoint="${test.inbound.endpoint}"
        outboundEndpoint="${test.outbound.endpoint}"/>
        
        <mule-descriptor name="test2" implementation="org.mule.components.simple.EchoComponent">
        <inbound-router>
            <endpoint address="test://blah" name="ep1">
                <properties>
                    <property name="prop2" value="overrideValue2"/>
                    <file-properties location="test-dummy.properties" override="false"/>
                </properties>
            </endpoint>
        </inbound-router>
        </mule-descriptor>

        <mule-descriptor name="test3" implementation="org.mule.components.simple.EchoComponent">
        <inbound-router>
            <endpoint address="test://blah2" name="ep2">
                <properties>
                    <property name="prop2" value="overrideValue2"/>
                    <file-properties location="test-dummy.properties" override="true"/>
                </properties>
            </endpoint>
        </inbound-router>
        </mule-descriptor>
    </model>
</mule-configuration>