<?xml version="1.0" encoding="UTF-8"?>

<!DOCTYPE mule-configuration PUBLIC "-//MuleSource //DTD mule-configuration XML V1.0//EN"
                                "http://mule.mulesource.org/dtds/mule-configuration.dtd">

<mule-configuration id="Test_Mule_Properties" version="1.0">

    <environment-properties>
        <property name="envProperty1" value="value1"/>
    </environment-properties>

    <mule-environment-properties
        synchronous="false"
       
        model="test-dev"/>

    <transaction-manager factory="org.mule.tck.testmodels.mule.TestTransactionManagerFactory"/>

    <connector name="testConnector" className="org.mule.tck.testmodels.mule.TestConnector"/>

    <endpoint-identifiers>
        <endpoint-identifier name="testEndpointURI" value="test://endpoint.test"/>
    </endpoint-identifiers>

    <transformers>
        <transformer name="testTransformer" className="org.mule.tck.testmodels.mule.TestCompressionTransformer" returnClass="java.lang.String">
            <properties>
                <property name="containerProperty" value="blah"/>
            </properties>
        </transformer>
    </transformers>

    <global-endpoints>
        <endpoint name="testEndpoint" address="testEndpointURI" connector="testConnector"/>
    </global-endpoints>

    <interceptor-stack name="testInterceptorStack">
        <interceptor className="org.mule.interceptors.LoggingInterceptor"/>
        <interceptor className="org.mule.interceptors.TimerInterceptor"/>
    </interceptor-stack>

    <model name="test-dev">
        <entry-point-resolver className="org.mule.tck.testmodels.mule.TestEntryPointResolver"/>

        <component-lifecycle-adapter-factory className="org.mule.tck.testmodels.mule.TestDefaultLifecycleAdapterFactory"/>

        <exception-strategy className="org.mule.tck.testmodels.mule.TestExceptionStrategy"/>

        <mule-descriptor name="testUMO" implementation="org.mule.tck.testmodels.fruit.Orange">

            <inbound-router>
                <endpoint address="testEndpoint"/>
            </inbound-router>
            <outbound-router>
                <router className="org.mule.routing.outbound.OutboundPassThroughRouter">
                    <endpoint address="test://endpoint.test"/>
                </router>
            </outbound-router>
        </mule-descriptor>
    </model>
</mule-configuration>
