<plexus>
    <components>
        <component>
            <role>org.mule.tck.testmodels.fruit.FruitBowl</role>
            <implementation>org.mule.tck.testmodels.fruit.FruitBowl</implementation>
            <requirement>
                <role>org.mule.tck.testmodels.fruit.Apple</role>
                <field>apple</field>
            </requirement>
            <requirement>
                <role>org.mule.tck.testmodels.fruit.Banana</role>
                <field>banana</field>
            </requirement>
        </component>
        <component>
            <role>org.mule.tck.testmodels.fruit.Apple</role>
            <implementation>org.mule.tck.testmodels.fruit.Apple</implementation>
        </component>
        <component>
            <role>org.mule.tck.testmodels.fruit.Banana</role>
            <implementation>org.mule.tck.testmodels.fruit.Banana</implementation>
        </component>
        <component>
            <role>org.mule.tck.testmodels.fruit.Orange</role>
            <implementation>org.mule.tck.testmodels.fruit.Orange</implementation>
        </component>
    </components>
</plexus>
