<?xml version="1.0" encoding="UTF-8"?>
<mule xmlns="http://www.mulesource.org/schema/mule/core/2.1" xmlns:xsi="http://www.w3.org/2001/XMLSchema-instance"
    xmlns:spring="http://www.springframework.org/schema/beans" xmlns:vm="http://www.mulesource.org/schema/mule/vm/2.1"
    xmlns:jms="http://www.mulesource.org/schema/mule/jms/2.1"
    xmlns:client="http://www.mulesource.org/schema/mule/client/2.1"
    xsi:schemaLocation="
       http://www.springframework.org/schema/beans http://www.springframework.org/schema/beans/spring-beans-2.5.xsd
       http://www.mulesource.org/schema/mule/core/2.1 http://www.mulesource.org/schema/mule/core/2.1/mule.xsd
       http://www.mulesource.org/schema/mule/client/2.1 http://www.mulesource.org/schema/mule/client/2.1/mule-client.xsd
       http://www.mulesource.org/schema/mule/jms/2.1 http://www.mulesource.org/schema/mule/jms/2.1/mule-jms.xsd
       http://www.mulesource.org/schema/mule/vm/2.1 http://www.mulesource.org/schema/mule/vm/2.1/mule-vm.xsd">

    <!-- Testing with ActiveMq -->
    <jms:activemq-connector name="jmsConnector" specification="1.1" />

    <endpoint address="jms://mule.sys.queue" name="remoteEndpoint" synchronous="true"/>

</mule>
