<?xml version="1.0" encoding="UTF-8"?>

<!DOCTYPE mule-configuration PUBLIC "-//SymphonySoft //DTD mule-configuration XML V1.0//EN"
                                "http://www.symphonysoft.com/dtds/mule/mule-configuration.dtd">


<mule-configuration id="Test_Mule_Properties" version="1.0">

    <!-- Testing mule property types -->
    <mule-descriptor name="testPropertiesComponent"
        inboundEndpoint="test://blah?transformers=TestCompressionTransformer"
        implementation="org.mule.tck.testmodels.fruit.Apple">
        <properties>
            <property name="test1" value="test1"/>
            <property name="test2" value="test2"/>
            <factory-property name="factoryObject" factory="org.mule.tck.testmodels.mule.TestDependentObject"/>
            <container-property name="containerObject" reference="org.mule.tck.testmodels.fruit.Apple" required="true"/>
            <container-property name="doesNotExist" reference="org.mule.tck.testmodels.fruit.XAppleX" required="false"/>
            <system-property name="osVersion" key="os.version"/>
            <system-property name="notASystemProperty" key="not.a.system.property" defaultValue="defaultValue"/>
            <map name="propertiesMap">
                <property name="test1" value="test1"/>
                <property name="test2" value="test2"/>
                <factory-property name="factoryObject" factory="org.mule.tck.testmodels.mule.TestDependentObject"/>
                <container-property name="containerObject" reference="org.mule.tck.testmodels.fruit.Apple" required="true"/>
                <container-property name="doesNotExist" reference="org.mule.tck.testmodels.fruit.XAppleX" required="false"/>
                <system-property name="osVersion" key="os.version"/>
                <system-property name="notASystemProperty" key="not.a.system.property" defaultValue="defaultValue"/>
            </map>
            <list name="propertiesList">
                <factory-entry factory="org.mule.tck.testmodels.mule.TestDependentObject"/>
                <container-entry reference="org.mule.tck.testmodels.fruit.Apple" required="true"/>
                <container-entry reference="org.mule.tck.testmodels.fruit.XAppleX" required="false"/>
                <system-entry key="os.version"/>
                <system-entry key="not.a.system.property" defaultValue="defaultValue"/>
                <entry value="test1"/>
                <entry value="test2"/>
            </list>
        </properties>
    </mule-descriptor>
</mule-configuration>
