<?xml version="1.0" encoding="UTF-8"?>

<!DOCTYPE mule-configuration PUBLIC "-//SymphonySoft //DTD mule-configuration XML V1.0//EN"
    "http://www.symphonysoft.com/dtds/mule/mule-configuration.dtd">

<mule-configuration version="1.0">

    <container-context className="org.mule.extras.spring.SpringContainerContext">
        <properties>
            <text-property name="configuration">
                <![CDATA[
                <!DOCTYPE beans PUBLIC "-//SPRING//DTD BEAN//EN" "http://www.springframework.org/dtd/spring-beans.dtd">
                <beans>
                    <bean id="springTestConnector" class="org.mule.tck.testmodels.mule.TestConnector">
                        <property name="exceptionListener">
                            <bean id="connectorES" class="org.mule.tck.testmodels.mule.TestExceptionStrategy"/>
                        </property>
                        <property name="connectionStrategy">
                            <bean id="connectionStrategy" class="org.mule.providers.SimpleRetryConnectionStrategy">
                                <property name="retryCount">
                                    <value>4</value>
                                </property>
                                <property name="frequency">
                                    <value>3000</value>
                                </property>
                            </bean>
                        </property>
                    </bean>
                    <!-- transaformer -->
                    <bean id="springTestTransformer" singleton="false" class="org.mule.tck.testmodels.mule.TestCompressionTransformer">
                        <property name="name"><value>TestCompressionTransformer</value></property>
                        <property name="containerProperty"><value> </value></property>
                        <property name="returnClass"><value>java.lang.String</value></property>
                        <property name="beanProperty2"><value>12</value></property>
                    </bean>
                </beans>
                ]]>
            </text-property>
        </properties>
    </container-context>

    <connector name="testConnector" ref="springTestConnector"/>

    <transformers>
        <transformer name="testTransformer" ref="springTestTransformer"/>
    </transformers>

    <global-endpoints>
        <endpoint name="foo" address="test://foo" connector="testConnector" transformers="testTransformer"/>
    </global-endpoints>

</mule-configuration>