<?xml version="1.0" encoding="UTF-8"?>

<!DOCTYPE beans PUBLIC "-//SPRING//DTD BEAN//EN" "http://www.springframework.org/dtd/spring-beans.dtd">

<!-- $Id$ -->

<beans>
    <bean id="org.mule.tck.testmodels.fruit.FruitBowl2" class="org.mule.tck.testmodels.fruit.FruitBowl">
        <property name="fruit">
            <list>
                <ref local="org.mule.tck.testmodels.fruit.Apple2"/>
                <ref local="org.mule.tck.testmodels.fruit.Banana2"/>
            </list>
        </property>
    </bean>

    <bean id="java.lang.String2" class="java.lang.String">
    </bean>

    <bean id="org.mule.tck.testmodels.fruit.Apple2" class="org.mule.tck.testmodels.fruit.Apple">
    </bean>

    <bean id="org.mule.tck.testmodels.fruit.Banana2" class="org.mule.tck.testmodels.fruit.Banana">
    </bean>

    <bean id="org.mule.tck.testmodels.fruit.Orange2" class="org.mule.tck.testmodels.fruit.Orange">
    </bean>
</beans>