<?xml version="1.0" encoding="UTF-8"?>
<mule xmlns="http://www.mulesource.org/schema/mule/core/2.0"
       xmlns:xsi="http://www.w3.org/2001/XMLSchema-instance"
       xmlns:test="http://www.mulesource.org/schema/mule/test/2.0"
       xmlns:spring="http://www.springframework.org/schema/beans"
       xsi:schemaLocation="
       http://www.springframework.org/schema/beans http://www.springframework.org/schema/beans/spring-beans-2.0.xsd
       http://www.mulesource.org/schema/mule/test/2.0 http://www.mulesource.org/schema/mule/test/2.0/mule-test.xsd
       http://www.mulesource.org/schema/mule/core/2.0 http://www.mulesource.org/schema/mule/core/2.0/mule.xsd">

    <mule>

        <model name="main" inherit="true">

            <service name="appleComponent2">
                <component class="org.mule.tck.testmodels.fruit.Apple"/>

                <inbound-router>
                    <endpoint name="nonTransactedInboundEndpoint" address="test://endpoint.in3"/>
                    <!-- endpoint name="nonTransactedInboundEndpoint" address="test://endpoint.in3"/ -->
                    <endpoint name="transactedInboundEndpoint" createConnector="NEVER_CREATE" address="test://endpoint.in2">
                        <!-- mule:transaction action="ALWAYS_BEGIN" -->
                        <!-- TODO -->
                        <!-- incorrect classes - need UMOTransactionFactory, not SimpleObjectFactory -->
                        <!-- mule:transaction-factory class="org.mule.tck.testmodels.mule.TestTransactionFactory"/ -->
                        <!-- /mule:transaction -->
                        <properties>
                            <spring:entry key="testEndpointProperty" value="Prop1"/>
                        </properties>
                    </endpoint>
                    <!-- endpoint name="transactedInboundEndpoint" createConnector="NEVER_CREATE" type="receiver"
                          address="test://endpoint.in2">
                    <transaction factory="org.mule.tck.testmodels.mule.TestTransactionFactory" action="ALWAYS_BEGIN"/>
                    <properties>
                        <spring:property name="testEndpointProperty" value="Prop1"/>
                    </properties>
                </endpoint -->
                </inbound-router>

                <outbound-router>
                    <filtering-router>
                        <endpoint name="transactedOutboundEndpoint" address="test://endpoint.out">
                            <!-- mule:transaction action="ALWAYS_BEGIN" -->
                            <!-- TODO -->
                            <!-- no support for constraints? -->
                            <!-- factory required? -->
                            <!-- /mule:transaction -->
                        </endpoint>
                    </filtering-router>
                </outbound-router>
                <!-- outbound-router>
                <router className="org.mule.routing.outbound.FilteringOutboundRouter">
                    <endpoint name="transactedOutboundEndpoint" type="sender" address="test://endpoint.out">
                        <transaction action="ALWAYS_BEGIN">
                            <constraint batchSize="3" className="org.mule.transaction.constraints.BatchConstraint"/>
                        </transaction>
                    </endpoint>
                </router>
            </outbound-router -->

                <threading-profile maxBufferSize="6" maxThreadsActive="12" maxThreadsIdle="6"/>
                <!-- threading-profile maxBufferSize="6" maxThreadsActive="12" maxThreadsIdle="6"/ -->
                <pooling-profile exhaustedAction="WHEN_EXHAUSTED_WAIT" initialisationPolicy="INITIALISE_ALL"/>
                <!-- pooling-profile exhaustedAction="WAIT" initialisationPolicy="INITIALISE_ALL"/ -->
                <queue-profile maxOutstandingMessages="102"/>
                <!-- queue-profile maxOutstandingMessages="102"/ -->

            </service>

        </model>

    </mule>

</mule>
