<?xml version="1.0" encoding="UTF-8"?>
<mule xmlns="http://www.mulesource.org/schema/mule/core/2.0"
       xmlns:xsi="http://www.w3.org/2001/XMLSchema-instance"
       xmlns:test="http://www.mulesource.org/schema/mule/test/2.0"
       xmlns:spring="http://www.springframework.org/schema/beans"
       xmlns:mxml="http://www.mulesource.org/schema/mule/xml/2.0"
       xsi:schemaLocation="
       http://www.springframework.org/schema/beans http://www.springframework.org/schema/beans/spring-beans-2.0.xsd
       http://www.mulesource.org/schema/mule/test/2.0 http://www.mulesource.org/schema/mule/test/2.0/mule-test.xsd
       http://www.mulesource.org/schema/mule/core/2.0 http://www.mulesource.org/schema/mule/core/2.0/mule.xsd
       http://www.mulesource.org/schema/mule/xml/2.0 http://www.mulesource.org/schema/mule/xml/2.0/mule-xml.xsd">

    <mule>

        <!-- this is a mule 2 version of test-mule-config.xml.  there is also another
         conversion, with the same name, done by ross, in org.mule.test.spring directory.
         this file is converted by andrew cooke and may converge on ross's translation,
         but currently differs in that it (1) is more detailed/direct and (2) is
         associated with tests (rather than just seeing if parsing fails). -->

        <environment-properties>
            <spring:entry key="doCompression" value="true"/>
            <spring:entry key="beanProperty1" value="this was set from the manager properties!"/>
            <spring:entry key="OS Version" value="${os.version}"/>
            <spring:entry key="system-prop2" value="${system-prop2-cannot-loop}"/> <!-- defaultValue="default" -->
        </environment-properties>

        <!-- environment-properties>
        <spring:property name="doCompression" value="true"/>
        <spring:property name="beanProperty1" value="this was set from the manager properties!"/>
        <system-property name="OS Version" key="os.version"/>
        <system-property name="system-prop2" key="system-prop2" defaultValue="default"/>
    </environment-properties -->

        <configuration serverId="ijio" defaultSynchronousEndpoints="false">
            <default-threading-profile maxBufferSize="0"
                                            maxThreadsActive="8"
                                            maxThreadsIdle="4"
                                            poolExhaustedAction="WAIT"
                                            threadTTL="60001"/>
            <!-- TODO -->
            <!-- seem to be missing default pooling and queue profiles and persistence strategy -->
        </configuration>

        <!-- mule-environment-properties synchronous="false" model="main">
        <threading-profile id="default" maxBufferSize="0" maxThreadsActive="8"
            maxThreadsIdle="4" poolExhaustedAction="WAIT" threadTTL="60001"/>
        <pooling-profile  exhaustedAction="WAIT" maxActive="8" maxIdle="4" maxWait="4000" initialisationPolicy="INITIALISE_FIRST"/>
        <queue-profile maxOutstandingMessages="100" persistent="true"/>
        <persistence-strategy className="org.mule.util.queue.FilePersistenceStrategy"/>
    </mule-environment-properties -->

        <!-- TODO -->
        <!-- seem to be missing any kind of custom transaction manager -->
        <!-- transaction-manager factory="org.mule.tck.testmodels.mule.TestTransactionManagerFactory"/ -->

        <!-- TODO -->
        <!-- daniel is working on management, i think -->
        <!-- agents>
        <agent name="jmxAgent" className="org.mule.management.agents.JmxAgent"/>
    </agents -->

        <test:connector name="dummyConnector">
            <dispatcher-threading-profile maxBufferSize="2"/>
            <custom-exception-strategy class="org.mule.tck.testmodels.mule.TestExceptionStrategy"/>
            <!-- TODO -->
            <!-- no way to specify connection strategy on a connector? -->
        </test:connector>
        <!-- connector name="dummyConnector" className="org.mule.tck.testmodels.mule.TestConnector">
        <threading-profile id="dispatcher" maxBufferSize="2"/>
        <exception-strategy className="org.mule.tck.testmodels.mule.TestExceptionStrategy"/>
        <connection-strategy className="org.mule.providers.SimpleRetryConnectionStrategy">
            <properties>
                <spring:property name="retryCount" value="4"/>
                <spring:property name="frequency" value="3000"/>
            </properties>
        </connection-strategy>
    </connector -->

        <endpoint name="AppleQueue" address="test://apple.queue"/>
        <endpoint name="Banana_Queue" address="test://banana.queue"/>
        <endpoint name="TestQueue" address="test://test.queue"/>
        <!-- endpoint-identifiers>
        <endpoint-identifier name="AppleQueue" value="test://apple.queue"/>
        <endpoint-identifier name="Banana_Queue" value="test://banana.queue"/>
        <endpoint-identifier name="Test Queue" value="test://test.queue"/>
    </endpoint-identifiers -->

        <custom-transformer name="TestCompressionTransformer"
                                 class="org.mule.tck.testmodels.mule.TestCompressionTransformer"
                                 returnClass="java.lang.String">
            <!-- TODO -->
            <!-- unsupported -->
            <!-- mule:property name="org.mule.useManagerProperties" value="true"/ -->
            <!-- mule:property name="beanProperty2" value="12"/ -->
            <!-- TODO -->
            <!-- what's the container-property below? -->
        </custom-transformer>
        <transformer-no-action name="TestTransformer" returnClass="[B"/>
        <!-- transformers>
        <transformer name="TestCompressionTransformer" className="org.mule.tck.testmodels.mule.TestCompressionTransformer"
            returnClass="java.lang.String">
            <properties>
                <spring:property name="org.mule.useManagerProperties" value="true"/>
                <spring:property name="beanProperty2" value="12"/>
                <container-property name="containerProperty" reference="java.lang.String"/>
            </properties>
        </transformer>
        <transformer name="TestTransformer" className="org.mule.transformers.NoActionTransformer"
                    returnClass="[B" />
    </transformers -->

        <endpoint name="fruitBowlEndpoint" address="test://fruitBowlPublishQ">
            <mxml:jxpath-filter pattern="name">
                <mxml:namespace prefix="foo" uri="http://foo.com"/>
                <mxml:context-property key="value" value="bar"/>
            </mxml:jxpath-filter>
        </endpoint>
        <!-- TODO -->
        <!-- cannot have aliases -->
        <!-- mule:endpoint name="waterMelonEndpoint" ref="TestQueue"/ -->
        <endpoint name="waterMelonEndpoint" address="test://tmporary-hack"/>
        <!-- TODO -->
        <!-- cannot specify type of endpoint -->
        <endpoint name="appleInEndpoint" address="test://AppleQueue"/>
        <endpoint name="appleResponseEndpoint" address="test://AppleResponseQueue"/>
        <endpoint name="orangeEndpoint" address="test://orangeQ">
            <properties>
                <spring:entry key="testGlobal" value="value1"/>
            </properties>
        </endpoint>
        <!-- global-endpoints>
        <endpoint name="fruitBowlEndpoint" address="test://fruitBowlPublishQ">
            <filter className="org.mule.routing.filters.xml.JXPathFilter" expression="name">
                <properties>
                    <spring:property name="value" value="bar"/>
                    <map name="namespaces">
                        <spring:property name="foo" value="http://foo.com"/>
                    </spring:map>
                </properties>
            </filter>
        </endpoint>
        <endpoint name="waterMelonEndpoint" address="Test Queue"/>
        <endpoint name="appleInEndpoint" type="receiver" address="test://AppleQueue"/>
        <endpoint name="appleResponseEndpoint" type="receiver" address="test://AppleResponseQueue"/>
        <endpoint name="orangeEndpoint" address="test://orangeQ">
            <properties>
                <spring:property name="testGlobal" value="value1"/>
            </properties>
        </endpoint>
    </global-endpoints -->

    </mule>

    <spring:bean name="orange" class="org.mule.tck.testmodels.fruit.Orange">
        <spring:property name="brand" value="Juicy Baby!"/>
        <spring:property name="segments" value="9"/>
        <spring:property name="radius" value="4.21"/>
        <spring:property name="mapProperties">
            <spring:map>
                <spring:entry key="prop1" value="prop1"/>
                <spring:entry key="prop2" value="prop2"/>
            </spring:map>
        </spring:property>
        <spring:property name="listProperties">
            <spring:list>
                <spring:value>prop1</spring:value>
                <spring:value>prop2</spring:value>
                <spring:value>prop3</spring:value>
            </spring:list>
        </spring:property>
        <spring:property name="arrayProperties">
            <spring:list>
                <spring:value>prop4</spring:value>
                <spring:value>prop5</spring:value>
                <spring:value>prop6</spring:value>
            </spring:list>
        </spring:property>
    </spring:bean>
    <!-- properties>
        <factory-property name="orange" factory="org.mule.tck.testmodels.fruit.Orange"/>
        <spring:property name="brand" value="Juicy Baby!"/>
        <spring:property name="segments" value="9"/>
        <spring:property name="radius" value="4.21"/>
        <map name="mapProperties">
            <spring:property name="prop1" value="prop1"/>
            <spring:property name="prop2" value="prop2"/>
        </spring:map>
        <list name="listProperties">
            <spring:entry value="prop1"/>
            <spring:entry value="prop2"/>
            <spring:entry value="prop3"/>
        </spring:list>
        <list name="arrayProperties">
            <spring:entry value="prop4"/>
            <spring:entry value="prop5"/>
            <spring:entry value="prop6"/>
        </spring:list>
    </properties -->

    <mule>

        <model name="main">

            <!-- TODO -->
            <!-- entry point resolver? -->
            <!-- entry-point-resolver className="org.mule.tck.testmodels.mule.TestEntryPointResolver"/ -->

            <custom-exception-strategy class="org.mule.tck.testmodels.mule.TestExceptionStrategy">
                <endpoint address="test://component.exceptions"/>
            </custom-exception-strategy>
            <!-- exception-strategy className="org.mule.tck.testmodels.mule.TestExceptionStrategy">
           <endpoint address="test://component.exceptions"/>
        </exception-strategy -->

            <!-- component-lifecycle-adapter-factory className="org.mule.tck.testmodels.mule.TestDefaultLifecycleAdapterFactory"/ -->

            <service name="orangeComponent">

                <component scope="singleton" instance-ref="orange"/>
                <!-- mule-descriptor name="orangeComponent" implementation="orange" container="descriptor" -->

                <inbound-router>
                    <forwarding-catch-all-strategy>
                        <endpoint address="test://catch.all"/>
                    </forwarding-catch-all-strategy>
                    <!-- catch-all-strategy className="org.mule.routing.ForwardingCatchAllStrategy">
                    <endpoint address="test://catch.all"/>
                </catch-all-strategy -->
                    <endpoint name="Orange"
                                   address="test://orange/"
                                   transformers="TestCompressionTransformer"
                                   responseTransformers="TestCompressionTransformer"/>
                    <!-- endpoint name="Orange" type="receiver" address="test://orange/" transformers="TestCompressionTransformer"
                    responseTransformers="TestCompressionTransformer"/ -->
                    <endpoint ref="orangeEndpoint" transformers="TestCompressionTransformer">
                        <payload-type-filter expectedType="java.lang.String"/>
                        <properties>
                            <spring:entry key="testLocal" value="value1"/>
                        </properties>
                    </endpoint>
                    <!-- global-endpoint name="orangeEndpoint" transformers="TestCompressionTransformer">
                    <filter className="org.mule.routing.filters.PayloadTypeFilter" expectedType="java.lang.String"/>
                    <properties>
                        <spring:property name="testLocal" value="value1"/>
                    </properties>
                </global-endpoint -->
                </inbound-router>

                <nested-router>
                    <binding interface="org.mule.tck.testmodels.fruit.FruitCleaner" method="wash">
                        <endpoint address="test://do.wash"/>
                    </binding>
                    <!-- binding interface="org.mule.tck.testmodels.fruit.FruitCleaner" method="wash">
                    <endpoint address="test://do.wash"/>
                </binding -->
                    <binding interface="org.mule.tck.testmodels.fruit.FruitCleaner" method="polish">
                        <endpoint address="test://do.polish"/>
                    </binding>
                    <!-- binding interface="org.mule.tck.testmodels.fruit.FruitCleaner" method="polish">
                    <endpoint address="test://do.polish"/>
                </binding -->
                </nested-router>

                <outbound-router>
                    <outbound-pass-through-router>
                        <!-- TODO -->
                        <!-- shouldn't it be transformers-ref? -->
                        <endpoint ref="appleInEndpoint" transformers="TestCompressionTransformer"/>
                    </outbound-pass-through-router>
                </outbound-router>
                <!-- outbound-router>
                <router className="org.mule.routing.outbound.OutboundPassThroughRouter">
                    <global-endpoint name="appleInEndpoint" transformers="TestCompressionTransformer"/>
                </router>
            </outbound-router -->

                <response-router timeout="10001">
                    <endpoint address="test://response1"/>
                    <endpoint ref="appleResponseEndpoint"/>
                    <custom-response-router class="org.mule.tck.testmodels.mule.TestResponseAggregator"/>
                </response-router>
                <!-- response-router timeout="10001">
                <endpoint address="test://response1"/>
                <global-endpoint name="appleResponseEndpoint"/>
                <router className="org.mule.tck.testmodels.mule.TestResponseAggregator"/>
            </response-router -->

                <default-connector-exception-strategy>
                    <endpoint address="test://orange.exceptions"/>
                </default-connector-exception-strategy>
                <!-- exception-strategy className="org.mule.impl.DefaultComponentExceptionStrategy">
                   <endpoint address="test://orange.exceptions"/>
                </exception-strategy -->

                <!-- moved to bean -->
                <!-- properties>
                <factory-property name="orange" factory="org.mule.tck.testmodels.fruit.Orange"/>
                <spring:property name="brand" value="Juicy Baby!"/>
                <spring:property name="segments" value="9"/>
                <spring:property name="radius" value="4.21"/>
                <map name="mapProperties">
                    <spring:property name="prop1" value="prop1"/>
                    <spring:property name="prop2" value="prop2"/>
                </spring:map>
                <list name="listProperties">
                    <spring:entry value="prop1"/>
                    <spring:entry value="prop2"/>
                    <spring:entry value="prop3"/>
                </spring:list>
                <list name="arrayProperties">
                    <spring:entry value="prop4"/>
                    <spring:entry value="prop5"/>
                    <spring:entry value="prop6"/>
                </spring:list>
            </properties -->

            </service>

            <service name="appleComponent">

                <component class="org.mule.tck.testmodels.fruit.Apple"/>

                <inbound-router>
                    <custom-catch-all-strategy class="org.mule.tck.testmodels.mule.TestCatchAllStrategy"/>
                    <endpoint ref="appleInEndpoint"/>
                    <selective-consumer-router>
                        <payload-type-filter expectedType="java.lang.String"/>
                    </selective-consumer-router>
                    <idempotent-receiver-router/>
                </inbound-router>
                <!-- inbound-router>
                <catch-all-strategy className="org.mule.tck.testmodels.mule.TestCatchAllStrategy"/>
                <global-endpoint name="appleInEndpoint"/>
                <router className="org.mule.routing.inbound.SelectiveConsumer">
                    <filter expectedType="java.lang.String" className="org.mule.routing.filters.PayloadTypeFilter"/>
                </router>
                <router className="org.mule.routing.inbound.IdempotentReceiver"/>
            </inbound-router -->

                <outbound-router>
                    <custom-catch-all-strategy class="org.mule.tck.testmodels.mule.TestCatchAllStrategy"/>
                    <filtering-router>
                        <endpoint name="TestApple-Out" address="test://appleQ2" transformers="TestCompressionTransformer"/>
                        <payload-type-filter expectedType="java.lang.String"/>
                    </filtering-router>
                    <filtering-router>
                        <endpoint ref="waterMelonEndpoint"/>
                        <and-filter>
                            <regex-filter pattern="the quick brown (.*)"/>
                            <regex-filter pattern="(.*) brown (.*)"/>
                        </and-filter>
                    </filtering-router>
                </outbound-router>
                <!-- outbound-router>
                <catch-all-strategy className="org.mule.tck.testmodels.mule.TestCatchAllStrategy"/>
                <router className="org.mule.routing.outbound.FilteringOutboundRouter">
                    <endpoint name="TestApple-Out" type="sender" address="test://appleQ2"/>
                    <filter expectedType="java.lang.String" className="org.mule.routing.filters.PayloadTypeFilter"/>
                    <properties>
                        <spring:property name="transformer" value="TestCompressionTransformer"/>
                    </properties>
                </router>
                <router className="org.mule.routing.outbound.FilteringOutboundRouter">
                    <global-endpoint name="waterMelonEndpoint"/>
                    <filter className="org.mule.routing.filters.logic.AndFilter">
                        <left-filter pattern="the quick brown (.*)" className="org.mule.routing.filters.RegExFilter"/>
                        <right-filter pattern="(.*) brown (.*)" className="org.mule.routing.filters.RegExFilter"/>
                    </filter>
                </router>
            </outbound-router -->

                <default-component-exception-strategy/>
                <!-- exception-strategy className="org.mule.impl.DefaultExceptionStrategy"/ -->

            </service>

            <service name="propertyExtractorTestComponent">
                <component class="org.mule.tck.testmodels.fruit.Apple"/>
                <inbound-router/>
                <outbound-router>
                    <filtering-router>
                        <mxml:jxpath-property-extractor/>
                    </filtering-router>
                </outbound-router>
                <!-- outbound-router>
                <router className="org.mule.routing.outbound.FilteringOutboundRouter"
                        propertyExtractor="org.mule.util.properties.JXPathPropertyExtractor">
                </router>
            </outbound-router -->
            </service>

            <service name="propertyExtractorResponseRouterTestComponent">
                <component class="org.mule.tck.testmodels.fruit.Apple"/>
                <inbound-router/>
                <response-router>
                    <!-- TODO -->
                    <!-- this should be predefined -->
                    <!-- TODO -->
                    <!-- propertyExtractor doesn't exist on the class.. should it? -->
                    <!-- mule:custom-response-router class="org.mule.routing.response.SingleResponseRouter"
                                    propertyExtractor="extractor"/ -->
                </response-router>
                <!-- response-router>
                <router className="org.mule.routing.response.SingleResponseRouter"
                        propertyExtractor="org.mule.util.properties.JXPathPropertyExtractor"/>
            </response-router -->
            </service>

        </model>

    </mule>

</mule>
