<beans xmlns="http://www.springframework.org/schema/beans"
       xmlns:xsi="http://www.w3.org/2001/XMLSchema-instance"
       xmlns:mule="http://www.mulesource.org/schema/mule/core/2.0"
       xsi:schemaLocation="
       http://www.springframework.org/schema/beans http://www.springframework.org/schema/beans/spring-beans-2.0.xsd
       http://www.mulesource.org/schema/mule/core/2.0 http://www.mulesource.org/schema/mule/core/2.0/mule.xsd">

    <mule:mule>

        <mule:custom-transaction-manager class="org.mule.tck.testmodels.mule.TestTransactionManagerFactory">
            <mule:environment>
                <entry key="property1" value="true"/>
                <entry key="property2" value="Test"/>
            </mule:environment>
        </mule:custom-transaction-manager>
        
        <!--
    <mule:transaction-manager-weblogic>
        <mule:environment>
            <entry key="java.naming.factory.initial" value="weblogic.jndi.WLInitialContextFactory"/>
            <entry key="java.naming.provider.url" value="t3://localhost:7001"/>
        </mule:environment>
    </mule:transaction-manager-weblogic>
-->
    </mule:mule>

</beans>
