<?xml version="1.0" encoding="ISO-8859-1"?>

<!DOCTYPE mule-configuration PUBLIC "-//SymphonySoft //DTD mule-configuration XML V1.0//EN"
                                "http://www.cubis.co.uk/dtds/mule-configuration.dtd">

<mule-configuration id="test_xml_jms" version="1.0">

    <mule-environment-properties serverUrl=""/>

    <connector name="fileConnector" className="org.mule.providers.file.FileConnector">
        <properties>
            <property name="pollingFrequency" value="1000"/>
            <property name="moveToDirectory" value="/temp/files/done"/>
            <property name="moveToPattern" value="${DATE}.sent"/>
            <property name="filterPatterns" value="*.xmll"/>
            <property name="outputPattern" value="${ORIGINALNAME}"/>
        </properties>
    </connector>

    <connector name="jmsConnector" className="org.mule.providers.jms.JmsConnector">
        <properties>
            <property name="connectionFactoryJndiName" value="ConnectionFactory"/>
            <property name="jndiInitialFactory" value="org.codehaus.activemq.jndi.ActiveMQInitialContextFactory"/>
        </properties>
    </connector>
    
    <model name="model">
        <mule-descriptor name="FileReceiverComponent"
            receiveEndpoint="file:///temp/files/in"
            sendEndpoint="jms://localhost/xml.queue"
            implementation="org.mule.components.simple.NullComponent">
            <inbound-router>
                <router className="org.mule.routing.inbound.ForwardingConsumer"/>
            </inbound-router>
        </mule-descriptor>

        <mule-descriptor name="FileDispatcherComponent"
            receiveEndpoint="jms://localhost/xml.queue"
            sendEndpoint="file:///temp/files/processed"
            implementation="org.mule.components.simple.NullComponent">
            <inbound-router>
                <router className="org.mule.routing.inbound.ForwardingConsumer"/>
            </inbound-router>
        </mule-descriptor>
    </model>
</mule-configuration>
