<?xml version="1.0" encoding="ISO-8859-1"?>

<!DOCTYPE mule-configuration PUBLIC "-//SymphonySoft //DTD mule-configuration XML V1.0//EN"
                                "http://www.symphonysoft.com/dtds/mule/mule-configuration.dtd">

<mule-configuration id="Test_Mule_Properties" version="1.0">

    <mule-environment-properties>
        <threading-profile threadTTL="600000"/>
    </mule-environment-properties>

    <connector name="FileConnector" className="org.mule.providers.file.FileConnector">
        <properties>
            <property name="pollingFrequency" value="1000"/>
            <property name="moveToDirectory" value="../test-data/done"/>
            <property name="outputPattern" value="${DATE}.xml"/>
            <property name="binaryMode" value="false"/>
        </properties>
    </connector>

    <connector name="jmsConnector" className="org.mule.providers.jms.JmsConnector">
        <properties>
            <property name="connectionFactoryJndiName" value="JmsQueueConnectionFactory"/>
            <property name="jndiInitialFactory" value="org.exolab.jms.jndi.InitialContextFactory"/>
            <property name="jndiProviderUrl" value="tcp://localhost:3035"/>
        </properties>
    </connector>

<!--  <connector name="JMSConnector" className="org.mule.providers.jms.JmsConnector">-->
<!--    <properties>-->
<!--        <property name="connectionFactoryJndiName" value="qcf"/>-->
<!--        <property name="specification" value="1.1"/>-->
<!--        <property name="jndiDestinations" value="true"/>-->
<!--        <property name="jndiInitialFactory"-->
<!--             value="fr.dyade.aaa.jndi2.client.NamingContextFactory"/>-->
<!--        <map name="providerProperties">-->
<!--            <property name="java.naming.factory.host" value="localhost"/>-->
<!--            <property name="java.naming.factory.port" value="16400"/>-->
<!--        </map>-->
<!--    </properties>-->
<!--  </connector>-->
    <transformers>
        <transformer name="StringToEmailMessage" className="org.mule.providers.email.transformers.StringToEmailMessage"
            returnClass="javax.mail.Message"/>
    </transformers>

    <interceptor-stack name="default">
        <interceptor className="org.mule.interceptors.LoggingInterceptor"/>
        <interceptor className="org.mule.interceptors.TimerInterceptor"/>
    </interceptor-stack>

    <model name="JobRunner">

       <mule-descriptor name="PostJob"
            inboundEndpoint="file://localhost?endpointUri=../test-data/in"
            outboundEndpoint="jms://queue"
            implementation="org.mule.components.simple.NullComponent">
            <inbound-router>
                <router className="org.mule.routing.inbound.ForwardingConsumer"/>
            </inbound-router>
            <interceptor className="default"/>
        </mule-descriptor>
       <mule-descriptor name="RunJob"
            inboundEndpoint="jms://queue"
            outboundEndpoint="file://localhost?endpointUri=../test-data/out"
            implementation="org.mule.components.simple.NullComponent">

            <inbound-router>
                <router className="org.mule.routing.inbound.ForwardingConsumer"/>
            </inbound-router>
            <interceptor className="default"/>
        </mule-descriptor>
    </model>
</mule-configuration>