<?xml version="1.0" encoding="UTF-8"?>

<!DOCTYPE beans PUBLIC "-//SPRING//DTD BEAN//EN" "http://www.springframework.org/dtd/spring-beans.dtd">

<beans>
    <bean id="orange" class="org.mule.tck.testmodels.fruit.Orange">
        <property name="brand" value="mule"/>
    </bean>
</beans>

