<!DOCTYPE beans PUBLIC "-//SPRING//DTD BEAN//EN" "http://www.springframework.org/dtd/spring-beans.dtd">

<beans>
    <bean id="fruitBowl2" class="org.mule.tck.testmodels.fruit.FruitBowl">
        <property name="fruit">
            <list>
                <ref local="apple2"/>
                <ref local="banana2"/>
            </list>
        </property>
    </bean>

    <bean id="string2" class="java.lang.String" />

    <bean id="apple2" class="org.mule.tck.testmodels.fruit.Apple" />

    <bean id="banana2" class="org.mule.tck.testmodels.fruit.Banana" />

    <bean id="orange2" class="org.mule.tck.testmodels.fruit.Orange" />
</beans>