<?xml version="1.0" encoding="UTF-8"?>
<beans xmlns="http://www.springframework.org/schema/beans"
       xmlns:xsi="http://www.w3.org/2001/XMLSchema-instance"
       xmlns:mule="http://www.mulesource.org/schema/mule/core/2.0"
       xmlns:mgmt="http://www.mulesource.org/schema/mule/management/2.0"
       xsi:schemaLocation="
           http://www.springframework.org/schema/beans http://www.springframework.org/schema/beans/spring-beans-2.0.xsd
           http://www.mulesource.org/schema/mule/core/2.0 http://www.mulesource.org/schema/mule/core/2.0/mule.xsd
           http://www.mulesource.org/schema/mule/management/2.0 http://www.mulesource.org/schema/mule/management/2.0/mule-management.xsd">

<!-- To do replicate the contents of test-mule-autowire-app-context.xml,test-application-context.xml -->

    <!--<mgmt:jmx-server id="jmx"/>-->

    <mule:custom-transformer name="ArrayToLenderList" class="org.mule.transformers.simple.ObjectToString"
                             returnClass="java.lang.String">
        <!--<mule:source-type class="java.lang.Exception"/>-->
    </mule:custom-transformer>

    <!--<bean id="creditProfileLookup" class="org.mule.routing.MuleEndpointProxy">-->
        <!--<mule:endpoint address="xfire:http://localhost:8081/service/CreditAgency?method=getCreditProfile"/>-->
    <!--</bean>-->

    <!--<bean id="lendersLookup" class="org.mule.routing.MuleEndpointProxy">-->
        <!--<mule:endpoint address="xfire:http://localhost:8082/service/LendersService?method=getAvailableLenders"-->
                <!--responseTransformers="ArrayToLenderList"/>-->
    <!--</bean>-->


    <bean id="apple" class="org.mule.tck.testmodels.fruit.Apple">
        <!--<lookup-method name="getCreditProfile" bean="creditProfileLookup"/>-->
        <!--<lookup-method name="getLenders" bean="lendersLookup"/>-->
    </bean>


    <mule:model name="main">

        <mule:service name="LoanBroker">
            <mule:component instance-ref="apple"/>
            <mule:inbound-router>
                <mule:endpoint address="vm://LoanBrokerRequests"/>
            </mule:inbound-router>

            <!--<mule:outbound-router>-->
                <!--<mule:router-static-recipient-list messageProperty="recipients">-->
                    <!--<mule:reply-to-endpoint address="vm://LoanBrokerQuotes"/>-->
                <!--</mule:router-static-recipient-list>-->
            <!--</mule:outbound-router>-->

            <!--<mule:response-router timeout="10000" failOnTimeout="false">-->
                <!--<mule:endpoint address="vm://LoanBrokerQuotes"/>-->
                <!--<mule:custom-response-router class="org.mule.samples.loanbroker.routers.BankQuotesResponseAggregator"/>-->
            <!--</mule:response-router>-->
        </mule:service>


    </mule:model>
</beans>