<?xml version="1.0" encoding="UTF-8"?>

<!DOCTYPE beans PUBLIC "-//SPRING//DTD BEAN//EN" "http://www.springframework.org/dtd/spring-beans.dtd">

<beans>
    <bean id="apple" class="org.mule.tck.testmodels.fruit.Apple">
        <property name="washed" value="true"/>
    </bean>
</beans>

